STEP to UG
! INFO-     NX STEP AP214 - V8.5
! INFO-      
! INFO-     Start of Translation: 4-AUG-2016  2:58:07 PM
! INFO-      
! STATUS-   Converting Part: D:\DBZ Abridged\98952A101_ALUM MALE-FEM THRDED HEX STANDOFF.STEP
! SUMMARY-   
! SUMMARY-    STEP Header Information
! SUMMARY-   
! SUMMARY-  Description      STEP AP203
! SUMMARY-  Imp_Level        1
! SUMMARY-  File_Name        98952A101.step
! SUMMARY-  Date             2015-10-23T19:40:34
! SUMMARY-  Author           Unknown
! SUMMARY-  Organization     Unknown
! SUMMARY-  Pre_Version      SwSTEP 2.0
! SUMMARY-  Orig_System      SolidWorks 2010
! SUMMARY-  Authorization    Unknown
! SUMMARY-  Schema_ID        ap203_configuration_controlled_3d_design_of_mechanical_parts_and_assemblies_mim_lf
! SUMMARY-   
! SUMMARY-    Summary of STEP Entities
! SUMMARY-   
! SUMMARY-  Entity Type                                                   Count
! SUMMARY-  -----------                                                   ------
! SUMMARY-  advanced_brep_shape_representation .........................:      1
! SUMMARY-  advanced_face ..............................................:     74
! SUMMARY-  application_context ........................................:      2
! SUMMARY-  application_protocol_definition ............................:      2
! SUMMARY-  approval ...................................................:      3
! SUMMARY-  approval_status ............................................:      3
! SUMMARY-  axis2_placement_3d .........................................:     96
! SUMMARY-  b_spline_curve_with_knots ..................................:     46
! SUMMARY-  b_spline_curve_with_knots_and_rational_b_spline_curve ......:     70
! SUMMARY-  b_spline_surface_with_knots_and_rational_b_spline_surface ..:      6
! SUMMARY-  calendar_date ..............................................:      5
! SUMMARY-  cartesian_point ............................................:   3023
! SUMMARY-  circle .....................................................:     27
! SUMMARY-  closed_shell ...............................................:      1
! SUMMARY-  conical_surface ............................................:     20
! SUMMARY-  coordinated_universal_time_offset ..........................:      5
! SUMMARY-  cylindrical_surface ........................................:     37
! SUMMARY-  date_and_time ..............................................:      5
! SUMMARY-  design_context .............................................:      1
! SUMMARY-  direction ..................................................:    241
! SUMMARY-  edge_curve .................................................:    192
! SUMMARY-  edge_loop ..................................................:     76
! SUMMARY-  face_bound .................................................:      2
! SUMMARY-  face_outer_bound ...........................................:     74
! SUMMARY-  geometric_representation_context_and_global_uncertainty_a ..:      1
! SUMMARY-  length_unit_and_si_unit ....................................:      1
! SUMMARY-  line .......................................................:     49
! SUMMARY-  local_time .................................................:      5
! SUMMARY-  manifold_solid_brep ........................................:      1
! SUMMARY-  mechanical_context .........................................:      1
! SUMMARY-  organization ...............................................:      1
! SUMMARY-  oriented_edge ..............................................:    384
! SUMMARY-  person .....................................................:      1
! SUMMARY-  person_and_organization ....................................:      8
! SUMMARY-  plane ......................................................:     11
! SUMMARY-  plane_angle_unit_and_si_unit ...............................:      1
! SUMMARY-  product ....................................................:      1
! SUMMARY-  product_definition .........................................:      1
! SUMMARY-  product_definition_formation_with_specified_source .........:      1
! SUMMARY-  product_definition_shape ...................................:      1
! SUMMARY-  product_related_product_category ...........................:      1
! SUMMARY-  shape_definition_representation ............................:      1
! SUMMARY-  si_unit_and_solid_angle_unit ...............................:      1
! SUMMARY-  uncertainty_measure_with_unit ..............................:      1
! SUMMARY-  vector .....................................................:     49
! SUMMARY-  vertex_point ...............................................:    122
! SUMMARY-                                                               -------
! SUMMARY-  Total                                                           4655
! STATUS-    
! STATUS-   Converting to Output Form (Phase 2 of 3): 4-AUG-2016 2:58:08 PM
! STATUS-    
! STATUS-    
! STATUS-   Generating UG geometry and placing them in parts
! STATUS-    
! STATUS-   Creating the UG part (Phase 3 of 3): 4-AUG-2016  2:58:08 PM
! STATUS-    
! STATUS-   Creating UG solid body from Input Ent Id 2941
! STATUS-    
! STATUS-   removing any duplicate geometry
! STATUS-    
! STATUS-   fixing vertex and/or edge off surface faults
! STATUS-    
! STATUS-   simplifying Bsplines to analytics
! STATUS-    
! STATUS-   converting tolerant edges into exact edges
! STATUS-    
! STATUS-   doing final check of body to report any faults
! STATUS-    
! STATUS-   removing any unnecessary topology
! STATUS-    
! INFO-     Filing Part ..: D:\khan_robot\khan_description\cad\Components\McMaster\98952A101_ALUM MALE-FEM THRDED HEX STANDOFF.prt
! SUMMARY-   
! SUMMARY-  Summary of Unigraphics Part Entities
! SUMMARY-   
! SUMMARY-  Entities Processed             Count
! SUMMARY-  ------------------             -----
! SUMMARY-  Solid .......................:     1
! SUMMARY-                                 -----
! SUMMARY-  Total                              1
! INFO-      
! INFO-     Total number of solids input for this translation       :         1
! INFO-      
! INFO-     Number of solids created without body validation faults :         1
! INFO-      
! INFO-     Number of solids created with body validation fault(s)  :         0
! INFO-      
! INFO-     Number of solids ending up as sheet bodies              :         0
! INFO-      
! INFO-     End of Translation: 4-AUG-2016  2:58:11 PM
! INFO-      
