INFO-
INFO-		Unigraphics Version NX V8.5 to AutoCAD 2004
INFO-		
INFO-
INFO-		Running UGTODXF Translator .....
INFO-
INFO-		Start of Translation: Sat Feb 27 19:08:33 2016
INFO-
STATUS-		Converting C:\Users\MISHR_~1\AppData\Local\Temp\mish185C5AD57qux.prt
STATUS-
SUMMARY-
SUMMARY-	Summary of Unigraphics Input Entities
SUMMARY-	For Unigraphics File: C:\Users\MISHR_~1\AppData\Local\Temp\mish185C5AD57qux.prt
SUMMARY-	------------------------------------------------------------------
SUMMARY-	Entity Type					Count
SUMMARY-	------------------------------------------------------------------
SUMMARY-	Line .....................................:	4
SUMMARY-	Arc ......................................:	4
SUMMARY-	Circle ......................................:	11
SUMMARY-	------------------------------------------------------------------
SUMMARY-	Total ....................................:	19
SUMMARY-	------------------------------------------------------------------
SUMMARY-
STATUS-
INFO-
INFO-		Writing File: D:\khan_robot\khan_description\cad\Two_Tier_Top.dxf
SUMMARY-	Summary of AutoCAD Output Entities
SUMMARY-	------------------------------------------------------------------
SUMMARY-	Entity Type					Count
SUMMARY-	------------------------------------------------------------------
SUMMARY-	Arc ......................................:	4
SUMMARY-	Circle ...................................:	11
SUMMARY-	Line .....................................:	4
SUMMARY-	Layout ...................................:	6
SUMMARY-	------------------------------------------------------------------
SUMMARY-	Total ....................................:	25
SUMMARY-	------------------------------------------------------------------
SUMMARY-
INFO-
INFO-		End of Translation: Sat Feb 27 19:09:04 2016
INFO-		Translation CPU time: 0 m, 30 sINFO-
