INFO-
INFO-		Unigraphics Version NX V8.5 to AutoCAD 2004
INFO-		
INFO-
INFO-		Running UGTODXF Translator .....
INFO-
INFO-		Start of Translation: Thu Aug 04 15:23:08 2016
INFO-
STATUS-		Converting C:\Users\MISHR_~1\AppData\Local\Temp\mish14FC0DACec64.prt
STATUS-
SUMMARY-
SUMMARY-	Summary of Unigraphics Input Entities
SUMMARY-	For Unigraphics File: C:\Users\MISHR_~1\AppData\Local\Temp\mish14FC0DACec64.prt
SUMMARY-	------------------------------------------------------------------
SUMMARY-	Entity Type					Count
SUMMARY-	------------------------------------------------------------------
SUMMARY-	Line .....................................:	40
SUMMARY-	Arc ......................................:	44
SUMMARY-	Circle ......................................:	13
SUMMARY-	------------------------------------------------------------------
SUMMARY-	Total ....................................:	97
SUMMARY-	------------------------------------------------------------------
SUMMARY-
STATUS-
INFO-
INFO-		Writing File: D:\khan_robot\khan_description\cad\DXF\Two_Tier_Bottom.dxf
SUMMARY-	Summary of AutoCAD Output Entities
SUMMARY-	------------------------------------------------------------------
SUMMARY-	Entity Type					Count
SUMMARY-	------------------------------------------------------------------
SUMMARY-	Arc ......................................:	44
SUMMARY-	Circle ...................................:	13
SUMMARY-	Line .....................................:	40
SUMMARY-	Layout ...................................:	6
SUMMARY-	------------------------------------------------------------------
SUMMARY-	Total ....................................:	103
SUMMARY-	------------------------------------------------------------------
SUMMARY-
INFO-
INFO-		End of Translation: Thu Aug 04 15:23:39 2016
INFO-		Translation CPU time: 0 m, 31 sINFO-
